<?xml version="1.0" encoding="UTF-8"?>
<testsuite xmlns:xsi="http://www.w3.org/2001/XMLSchema-instance" xsi:noNamespaceSchemaLocation="https://maven.apache.org/surefire/maven-surefire-plugin/xsd/surefire-test-report-3.0.xsd" version="3.0" name="com.MowaxBank.MowaxBankApplicationTests" time="6.191" tests="1" errors="0" skipped="0" failures="0">
  <properties>
[...]
</properties>
  <testcase name="contextLoads" classname="com.MowaxBank.MowaxBankApplicationTests" time="0.721">
    <system-out><![CDATA[14:54:22.979 [main] INFO org.springframework.test.context.support.AnnotationConfigContextLoaderUtils -- Could not detect default configuration classes for test class [com.MowaxBank.MowaxBankApplicationTests]: MowaxBankApplicationTests does not declare any static, non-private, non-final, nested classes annotated with @Configuration.
14:54:23.129 [main] INFO org.springframework.boot.test.context.SpringBootTestContextBootstrapper -- Found @SpringBootConfiguration com.MowaxBank.MowaxBankApplication for test class com.MowaxBank.MowaxBankApplicationTests

  .   ____          _            __ _ _
 /\\ / ___'_ __ _ _(_)_ __  __ _ \ \ \ \
( ( )\___ | '_ | '_| | '_ \/ _` | \ \ \ \
 \\/  ___)| |_)| | | | | || (_| |  ) ) ) )
  '  |____| .__|_| |_|_| |_\__, | / / / /
 =========|_|==============|___/=/_/_/_/

 :: Spring Boot ::                (v3.3.3)

2024-09-20T14:54:23.686+05:30  INFO 24948 --- [MowaxBank] [           main] c.MowaxBank.MowaxBankApplicationTests    : Starting MowaxBankApplicationTests using Java 21.0.3 with PID 24948 (started by Mowthik in C:\Users\Mowthik\Documents\workspace-spring-tool-suite-4-4.24.0.RELEASE\MowaxBank)
2024-09-20T14:54:23.688+05:30  INFO 24948 --- [MowaxBank] [           main] c.MowaxBank.MowaxBankApplicationTests    : No active profile set, falling back to 1 default profile: "default"
2024-09-20T14:54:24.507+05:30  INFO 24948 --- [MowaxBank] [           main] .s.d.r.c.RepositoryConfigurationDelegate : Bootstrapping Spring Data JPA repositories in DEFAULT mode.
2024-09-20T14:54:24.585+05:30  INFO 24948 --- [MowaxBank] [           main] .s.d.r.c.RepositoryConfigurationDelegate : Finished Spring Data repository scanning in 68 ms. Found 1 JPA repository interface.
2024-09-20T14:54:25.252+05:30  INFO 24948 --- [MowaxBank] [           main] o.hibernate.jpa.internal.util.LogHelper  : HHH000204: Processing PersistenceUnitInfo [name: default]
2024-09-20T14:54:25.326+05:30  INFO 24948 --- [MowaxBank] [           main] org.hibernate.Version                    : HHH000412: Hibernate ORM core version 6.5.2.Final
2024-09-20T14:54:25.374+05:30  INFO 24948 --- [MowaxBank] [           main] o.h.c.internal.RegionFactoryInitiator    : HHH000026: Second-level cache disabled
2024-09-20T14:54:25.840+05:30  INFO 24948 --- [MowaxBank] [           main] o.s.o.j.p.SpringPersistenceUnitInfo      : No LoadTimeWeaver setup: ignoring JPA class transformer
2024-09-20T14:54:25.880+05:30  INFO 24948 --- [MowaxBank] [           main] com.zaxxer.hikari.HikariDataSource       : HikariPool-1 - Starting...
2024-09-20T14:54:26.091+05:30  INFO 24948 --- [MowaxBank] [           main] com.zaxxer.hikari.pool.HikariPool        : HikariPool-1 - Added connection com.mysql.cj.jdbc.ConnectionImpl@4cc7e3ad
2024-09-20T14:54:26.098+05:30  INFO 24948 --- [MowaxBank] [           main] com.zaxxer.hikari.HikariDataSource       : HikariPool-1 - Start completed.
2024-09-20T14:54:26.179+05:30  WARN 24948 --- [MowaxBank] [           main] org.hibernate.orm.deprecation            : HHH90000025: MySQLDialect does not need to be specified explicitly using 'hibernate.dialect' (remove the property setting and it will be selected by default)
2024-09-20T14:54:27.172+05:30  INFO 24948 --- [MowaxBank] [           main] o.h.e.t.j.p.i.JtaPlatformInitiator       : HHH000489: No JTA platform available (set 'hibernate.transaction.jta.platform' to enable JTA platform integration)
2024-09-20T14:54:27.232+05:30  INFO 24948 --- [MowaxBank] [           main] j.LocalContainerEntityManagerFactoryBean : Initialized JPA EntityManagerFactory for persistence unit 'default'
2024-09-20T14:54:27.705+05:30  WARN 24948 --- [MowaxBank] [           main] JpaBaseConfiguration$JpaWebConfiguration : spring.jpa.open-in-view is enabled by default. Therefore, database queries may be performed during view rendering. Explicitly configure spring.jpa.open-in-view to disable this warning
2024-09-20T14:54:28.212+05:30  INFO 24948 --- [MowaxBank] [           main] c.MowaxBank.MowaxBankApplicationTests    : Started MowaxBankApplicationTests in 4.875 seconds (process running for 6.183)
]]></system-out>
    <system-err><![CDATA[WARNING: A Java agent has been loaded dynamically (C:\Users\Mowthik\.m2\repository\net\bytebuddy\byte-buddy-agent\1.14.19\byte-buddy-agent-1.14.19.jar)
WARNING: If a serviceability tool is in use, please run with -XX:+EnableDynamicAgentLoading to hide this warning
WARNING: If a serviceability tool is not in use, please run with -Djdk.instrument.traceUsage for more information
WARNING: Dynamic loading of agents will be disallowed by default in a future release
]]></system-err>
  </testcase>
</testsuite>